{"C:\\Users\\estua\\OneDrive\\Escritorio\\UVG\\Web\\Calculadora\\src\\App.js": {"path":"C:\\Users\\estua\\OneDrive\\Escritorio\\UVG\\Web\\Calculadora\\src\\App.js","statementMap":{"0":{"start":{"line":8,"column":20},"end":{"line":14,"column":1}},"1":{"start":{"line":16,"column":23},"end":{"line":17,"column":68}},"2":{"start":{"line":17,"column":2},"end":{"line":17,"column":68}},"3":{"start":{"line":19,"column":24},"end":{"line":19,"column":66}},"4":{"start":{"line":19,"column":33},"end":{"line":19,"column":66}},"5":{"start":{"line":21,"column":19},"end":{"line":141,"column":1}},"6":{"start":{"line":22,"column":24},"end":{"line":26,"column":4}},"7":{"start":{"line":28,"column":24},"end":{"line":44,"column":3}},"8":{"start":{"line":29,"column":4},"end":{"line":29,"column":23}},"9":{"start":{"line":30,"column":18},"end":{"line":30,"column":36}},"10":{"start":{"line":32,"column":4},"end":{"line":43,"column":5}},"11":{"start":{"line":33,"column":6},"end":{"line":42,"column":9}},"12":{"start":{"line":46,"column":25},"end":{"line":54,"column":3}},"13":{"start":{"line":47,"column":4},"end":{"line":47,"column":23}},"14":{"start":{"line":48,"column":18},"end":{"line":48,"column":36}},"15":{"start":{"line":50,"column":4},"end":{"line":53,"column":7}},"16":{"start":{"line":56,"column":28},"end":{"line":63,"column":3}},"17":{"start":{"line":57,"column":4},"end":{"line":62,"column":7}},"18":{"start":{"line":65,"column":23},"end":{"line":92,"column":3}},"19":{"start":{"line":66,"column":4},"end":{"line":91,"column":5}},"20":{"start":{"line":67,"column":19},"end":{"line":74,"column":17}},"21":{"start":{"line":68,"column":8},"end":{"line":74,"column":17}},"22":{"start":{"line":76,"column":6},"end":{"line":90,"column":9}},"23":{"start":{"line":94,"column":29},"end":{"line":101,"column":3}},"24":{"start":{"line":95,"column":4},"end":{"line":100,"column":7}},"25":{"start":{"line":103,"column":19},"end":{"line":110,"column":3}},"26":{"start":{"line":104,"column":4},"end":{"line":109,"column":7}},"27":{"start":{"line":112,"column":2},"end":{"line":140,"column":4}},"28":{"start":{"line":117,"column":10},"end":{"line":136,"column":12}},"29":{"start":{"line":143,"column":13},"end":{"line":145,"column":1}},"30":{"start":{"line":144,"column":2},"end":{"line":144,"column":15}},"31":{"start":{"line":147,"column":14},"end":{"line":149,"column":1}},"32":{"start":{"line":148,"column":2},"end":{"line":148,"column":15}},"33":{"start":{"line":151,"column":14},"end":{"line":153,"column":1}},"34":{"start":{"line":152,"column":2},"end":{"line":152,"column":15}},"35":{"start":{"line":155,"column":16},"end":{"line":157,"column":1}},"36":{"start":{"line":156,"column":2},"end":{"line":156,"column":15}},"37":{"start":{"line":159,"column":0},"end":{"line":165,"column":2}}},"fnMap":{"0":{"name":"(anonymous_0)","decl":{"start":{"line":16,"column":23},"end":{"line":16,"column":24}},"loc":{"start":{"line":17,"column":2},"end":{"line":17,"column":68}},"line":17},"1":{"name":"(anonymous_1)","decl":{"start":{"line":19,"column":24},"end":{"line":19,"column":25}},"loc":{"start":{"line":19,"column":33},"end":{"line":19,"column":66}},"line":19},"2":{"name":"(anonymous_2)","decl":{"start":{"line":21,"column":19},"end":{"line":21,"column":20}},"loc":{"start":{"line":21,"column":25},"end":{"line":141,"column":1}},"line":21},"3":{"name":"(anonymous_3)","decl":{"start":{"line":28,"column":24},"end":{"line":28,"column":25}},"loc":{"start":{"line":28,"column":31},"end":{"line":44,"column":3}},"line":28},"4":{"name":"(anonymous_4)","decl":{"start":{"line":46,"column":25},"end":{"line":46,"column":26}},"loc":{"start":{"line":46,"column":32},"end":{"line":54,"column":3}},"line":46},"5":{"name":"(anonymous_5)","decl":{"start":{"line":56,"column":28},"end":{"line":56,"column":29}},"loc":{"start":{"line":56,"column":35},"end":{"line":63,"column":3}},"line":56},"6":{"name":"(anonymous_6)","decl":{"start":{"line":65,"column":23},"end":{"line":65,"column":24}},"loc":{"start":{"line":65,"column":29},"end":{"line":92,"column":3}},"line":65},"7":{"name":"(anonymous_7)","decl":{"start":{"line":67,"column":19},"end":{"line":67,"column":20}},"loc":{"start":{"line":68,"column":8},"end":{"line":74,"column":17}},"line":68},"8":{"name":"(anonymous_8)","decl":{"start":{"line":94,"column":29},"end":{"line":94,"column":30}},"loc":{"start":{"line":94,"column":35},"end":{"line":101,"column":3}},"line":94},"9":{"name":"(anonymous_9)","decl":{"start":{"line":103,"column":19},"end":{"line":103,"column":20}},"loc":{"start":{"line":103,"column":25},"end":{"line":110,"column":3}},"line":103},"10":{"name":"(anonymous_10)","decl":{"start":{"line":116,"column":32},"end":{"line":116,"column":33}},"loc":{"start":{"line":116,"column":44},"end":{"line":137,"column":9}},"line":116},"11":{"name":"(anonymous_11)","decl":{"start":{"line":143,"column":13},"end":{"line":143,"column":14}},"loc":{"start":{"line":143,"column":23},"end":{"line":145,"column":1}},"line":143},"12":{"name":"(anonymous_12)","decl":{"start":{"line":147,"column":14},"end":{"line":147,"column":15}},"loc":{"start":{"line":147,"column":24},"end":{"line":149,"column":1}},"line":147},"13":{"name":"(anonymous_13)","decl":{"start":{"line":151,"column":14},"end":{"line":151,"column":15}},"loc":{"start":{"line":151,"column":24},"end":{"line":153,"column":1}},"line":151},"14":{"name":"(anonymous_14)","decl":{"start":{"line":155,"column":16},"end":{"line":155,"column":17}},"loc":{"start":{"line":155,"column":26},"end":{"line":157,"column":1}},"line":155}},"branchMap":{"0":{"loc":{"start":{"line":32,"column":4},"end":{"line":43,"column":5}},"type":"if","locations":[{"start":{"line":32,"column":4},"end":{"line":43,"column":5}},{"start":{},"end":{}}],"line":32},"1":{"loc":{"start":{"line":36,"column":10},"end":{"line":40,"column":46}},"type":"cond-expr","locations":[{"start":{"line":37,"column":14},"end":{"line":37,"column":17}},{"start":{"line":38,"column":14},"end":{"line":40,"column":46}}],"line":36},"2":{"loc":{"start":{"line":36,"column":10},"end":{"line":36,"column":41}},"type":"binary-expr","locations":[{"start":{"line":36,"column":10},"end":{"line":36,"column":24}},{"start":{"line":36,"column":28},"end":{"line":36,"column":41}}],"line":36},"3":{"loc":{"start":{"line":38,"column":14},"end":{"line":40,"column":46}},"type":"cond-expr","locations":[{"start":{"line":39,"column":14},"end":{"line":39,"column":71}},{"start":{"line":40,"column":14},"end":{"line":40,"column":46}}],"line":38},"4":{"loc":{"start":{"line":41,"column":13},"end":{"line":41,"column":39}},"type":"cond-expr","locations":[{"start":{"line":41,"column":27},"end":{"line":41,"column":28}},{"start":{"line":41,"column":31},"end":{"line":41,"column":39}}],"line":41},"5":{"loc":{"start":{"line":52,"column":11},"end":{"line":52,"column":75}},"type":"cond-expr","locations":[{"start":{"line":52,"column":48},"end":{"line":52,"column":64}},{"start":{"line":52,"column":67},"end":{"line":52,"column":75}}],"line":52},"6":{"loc":{"start":{"line":60,"column":11},"end":{"line":60,"column":54}},"type":"cond-expr","locations":[{"start":{"line":60,"column":35},"end":{"line":60,"column":43}},{"start":{"line":60,"column":46},"end":{"line":60,"column":54}}],"line":60},"7":{"loc":{"start":{"line":60,"column":11},"end":{"line":60,"column":32}},"type":"binary-expr","locations":[{"start":{"line":60,"column":11},"end":{"line":60,"column":20}},{"start":{"line":60,"column":24},"end":{"line":60,"column":32}}],"line":60},"8":{"loc":{"start":{"line":66,"column":4},"end":{"line":91,"column":5}},"type":"if","locations":[{"start":{"line":66,"column":4},"end":{"line":91,"column":5}},{"start":{},"end":{}}],"line":66},"9":{"loc":{"start":{"line":66,"column":8},"end":{"line":66,"column":30}},"type":"binary-expr","locations":[{"start":{"line":66,"column":8},"end":{"line":66,"column":18}},{"start":{"line":66,"column":22},"end":{"line":66,"column":30}}],"line":66},"10":{"loc":{"start":{"line":68,"column":8},"end":{"line":74,"column":17}},"type":"cond-expr","locations":[{"start":{"line":69,"column":12},"end":{"line":69,"column":17}},{"start":{"line":70,"column":12},"end":{"line":74,"column":17}}],"line":68},"11":{"loc":{"start":{"line":70,"column":12},"end":{"line":74,"column":17}},"type":"cond-expr","locations":[{"start":{"line":71,"column":12},"end":{"line":71,"column":17}},{"start":{"line":72,"column":12},"end":{"line":74,"column":17}}],"line":70},"12":{"loc":{"start":{"line":72,"column":12},"end":{"line":74,"column":17}},"type":"cond-expr","locations":[{"start":{"line":73,"column":12},"end":{"line":73,"column":17}},{"start":{"line":74,"column":12},"end":{"line":74,"column":17}}],"line":72},"13":{"loc":{"start":{"line":79,"column":10},"end":{"line":87,"column":15}},"type":"cond-expr","locations":[{"start":{"line":80,"column":14},"end":{"line":80,"column":32}},{"start":{"line":81,"column":14},"end":{"line":87,"column":15}}],"line":79},"14":{"loc":{"start":{"line":79,"column":10},"end":{"line":79,"column":48}},"type":"binary-expr","locations":[{"start":{"line":79,"column":10},"end":{"line":79,"column":26}},{"start":{"line":79,"column":30},"end":{"line":79,"column":48}}],"line":79},"15":{"loc":{"start":{"line":97,"column":11},"end":{"line":97,"column":72}},"type":"cond-expr","locations":[{"start":{"line":97,"column":22},"end":{"line":97,"column":68}},{"start":{"line":97,"column":71},"end":{"line":97,"column":72}}],"line":97},"16":{"loc":{"start":{"line":98,"column":11},"end":{"line":98,"column":72}},"type":"cond-expr","locations":[{"start":{"line":98,"column":22},"end":{"line":98,"column":68}},{"start":{"line":98,"column":71},"end":{"line":98,"column":72}}],"line":98},"17":{"loc":{"start":{"line":114,"column":23},"end":{"line":114,"column":53}},"type":"cond-expr","locations":[{"start":{"line":114,"column":34},"end":{"line":114,"column":42}},{"start":{"line":114,"column":45},"end":{"line":114,"column":53}}],"line":114},"18":{"loc":{"start":{"line":120,"column":25},"end":{"line":120,"column":52}},"type":"cond-expr","locations":[{"start":{"line":120,"column":39},"end":{"line":120,"column":47}},{"start":{"line":120,"column":50},"end":{"line":120,"column":52}}],"line":120},"19":{"loc":{"start":{"line":123,"column":16},"end":{"line":133,"column":33}},"type":"cond-expr","locations":[{"start":{"line":124,"column":20},"end":{"line":124,"column":28}},{"start":{"line":125,"column":20},"end":{"line":133,"column":33}}],"line":123},"20":{"loc":{"start":{"line":125,"column":20},"end":{"line":133,"column":33}},"type":"cond-expr","locations":[{"start":{"line":126,"column":20},"end":{"line":126,"column":38}},{"start":{"line":127,"column":20},"end":{"line":133,"column":33}}],"line":125},"21":{"loc":{"start":{"line":127,"column":20},"end":{"line":133,"column":33}},"type":"cond-expr","locations":[{"start":{"line":128,"column":20},"end":{"line":128,"column":32}},{"start":{"line":129,"column":20},"end":{"line":133,"column":33}}],"line":127},"22":{"loc":{"start":{"line":129,"column":20},"end":{"line":133,"column":33}},"type":"cond-expr","locations":[{"start":{"line":130,"column":20},"end":{"line":130,"column":37}},{"start":{"line":131,"column":20},"end":{"line":133,"column":33}}],"line":129},"23":{"loc":{"start":{"line":129,"column":20},"end":{"line":129,"column":76}},"type":"binary-expr","locations":[{"start":{"line":129,"column":20},"end":{"line":129,"column":31}},{"start":{"line":129,"column":35},"end":{"line":129,"column":46}},{"start":{"line":129,"column":50},"end":{"line":129,"column":61}},{"start":{"line":129,"column":65},"end":{"line":129,"column":76}}],"line":129},"24":{"loc":{"start":{"line":131,"column":20},"end":{"line":133,"column":33}},"type":"cond-expr","locations":[{"start":{"line":132,"column":20},"end":{"line":132,"column":34}},{"start":{"line":133,"column":20},"end":{"line":133,"column":33}}],"line":131}},"s":{"0":2,"1":2,"2":0,"3":2,"4":0,"5":2,"6":2,"7":1,"8":0,"9":0,"10":0,"11":0,"12":1,"13":0,"14":0,"15":0,"16":1,"17":0,"18":1,"19":0,"20":0,"21":0,"22":0,"23":1,"24":0,"25":1,"26":0,"27":1,"28":18,"29":2,"30":2,"31":2,"32":2,"33":2,"34":2,"35":2,"36":2,"37":2},"f":{"0":0,"1":0,"2":2,"3":0,"4":0,"5":0,"6":0,"7":0,"8":0,"9":0,"10":18,"11":2,"12":2,"13":2,"14":2},"b":{"0":[0,0],"1":[0,0],"2":[0,0],"3":[0,0],"4":[0,0],"5":[0,0],"6":[0,0],"7":[0,0],"8":[0,0],"9":[0,0],"10":[0,0],"11":[0,0],"12":[0,0],"13":[0,0],"14":[0,0],"15":[0,0],"16":[0,0],"17":[0,1],"18":[1,17],"19":[1,17],"20":[1,16],"21":[1,15],"22":[4,11],"23":[15,14,13,12],"24":[1,10]},"_coverageSchema":"1a1c01bbd47fc00a2c39e90264f33305004495a9","hash":"c17238b76b022410cdf9246ef70de0c1fb30caf2"}
,"C:\\Users\\estua\\OneDrive\\Escritorio\\UVG\\Web\\Calculadora\\src\\componentes\\Boton\\Boton.js": {"path":"C:\\Users\\estua\\OneDrive\\Escritorio\\UVG\\Web\\Calculadora\\src\\componentes\\Boton\\Boton.js","statementMap":{"0":{"start":{"line":4,"column":14},"end":{"line":10,"column":1}},"1":{"start":{"line":5,"column":2},"end":{"line":9,"column":4}}},"fnMap":{"0":{"name":"(anonymous_0)","decl":{"start":{"line":4,"column":14},"end":{"line":4,"column":15}},"loc":{"start":{"line":4,"column":49},"end":{"line":10,"column":1}},"line":4}},"branchMap":{},"s":{"0":3,"1":19},"f":{"0":19},"b":{},"_coverageSchema":"1a1c01bbd47fc00a2c39e90264f33305004495a9","hash":"1114b987e48224d12a9d7d35185a05602fba99d1"}
}
