TN:
SF:src\App.js
FN:16,(anonymous_0)
FN:19,(anonymous_1)
FN:21,(anonymous_2)
FN:28,(anonymous_3)
FN:46,(anonymous_4)
FN:56,(anonymous_5)
FN:65,(anonymous_6)
FN:67,(anonymous_7)
FN:94,(anonymous_8)
FN:103,(anonymous_9)
FN:116,(anonymous_10)
FN:143,(anonymous_11)
FN:147,(anonymous_12)
FN:151,(anonymous_13)
FN:155,(anonymous_14)
FNF:15
FNH:6
FNDA:0,(anonymous_0)
FNDA:0,(anonymous_1)
FNDA:2,(anonymous_2)
FNDA:0,(anonymous_3)
FNDA:0,(anonymous_4)
FNDA:0,(anonymous_5)
FNDA:0,(anonymous_6)
FNDA:0,(anonymous_7)
FNDA:0,(anonymous_8)
FNDA:0,(anonymous_9)
FNDA:18,(anonymous_10)
FNDA:2,(anonymous_11)
FNDA:2,(anonymous_12)
FNDA:2,(anonymous_13)
FNDA:2,(anonymous_14)
DA:8,2
DA:16,2
DA:17,0
DA:19,2
DA:21,2
DA:22,2
DA:28,1
DA:29,0
DA:30,0
DA:32,0
DA:33,0
DA:46,1
DA:47,0
DA:48,0
DA:50,0
DA:56,1
DA:57,0
DA:65,1
DA:66,0
DA:67,0
DA:68,0
DA:76,0
DA:94,1
DA:95,0
DA:103,1
DA:104,0
DA:112,1
DA:117,18
DA:143,2
DA:144,2
DA:147,2
DA:148,2
DA:151,2
DA:152,2
DA:155,2
DA:156,2
DA:159,2
LF:37
LH:22
BRDA:32,0,0,0
BRDA:32,0,1,0
BRDA:36,1,0,0
BRDA:36,1,1,0
BRDA:36,2,0,0
BRDA:36,2,1,0
BRDA:38,3,0,0
BRDA:38,3,1,0
BRDA:41,4,0,0
BRDA:41,4,1,0
BRDA:52,5,0,0
BRDA:52,5,1,0
BRDA:60,6,0,0
BRDA:60,6,1,0
BRDA:60,7,0,0
BRDA:60,7,1,0
BRDA:66,8,0,0
BRDA:66,8,1,0
BRDA:66,9,0,0
BRDA:66,9,1,0
BRDA:68,10,0,0
BRDA:68,10,1,0
BRDA:70,11,0,0
BRDA:70,11,1,0
BRDA:72,12,0,0
BRDA:72,12,1,0
BRDA:79,13,0,0
BRDA:79,13,1,0
BRDA:79,14,0,0
BRDA:79,14,1,0
BRDA:97,15,0,0
BRDA:97,15,1,0
BRDA:98,16,0,0
BRDA:98,16,1,0
BRDA:114,17,0,0
BRDA:114,17,1,1
BRDA:120,18,0,1
BRDA:120,18,1,17
BRDA:123,19,0,1
BRDA:123,19,1,17
BRDA:125,20,0,1
BRDA:125,20,1,16
BRDA:127,21,0,1
BRDA:127,21,1,15
BRDA:129,22,0,4
BRDA:129,22,1,11
BRDA:129,23,0,15
BRDA:129,23,1,14
BRDA:129,23,2,13
BRDA:129,23,3,12
BRDA:131,24,0,1
BRDA:131,24,1,10
BRF:52
BRH:17
end_of_record
TN:
SF:src\componentes\Boton\Boton.js
FN:4,(anonymous_0)
FNF:1
FNH:1
FNDA:19,(anonymous_0)
DA:4,3
DA:5,19
LF:2
LH:2
BRF:0
BRH:0
end_of_record
